<?xml version="1.0" encoding="UTF-8"?>
<!-- Generated by org.testng.reporters.JUnitXMLReporter -->
<testsuite ignored="2" hostname="DESKTOP-IM8DVGQ" failures="0" tests="4" name="Test" time="15.28" errors="0" timestamp="2025-01-04T08:19:19 IST">
  <testcase classname="testng.Verifyloginpage" name="setup" time="7.888"/>
  <testcase classname="testng.Verifyloginpage" name="navigatetowebsite" time="4.646"/>
  <testcase classname="testng.Verifyloginpage" name="usercredentilas" time="0.876"/>
  <testcase classname="testng.Verifyloginpage" name="clickonloginbutton" time="1.74"/>
  <testcase classname="testng.Verifyloginpage" name="tardown" time="0.0">
    <ignored/>
  </testcase> <!-- tardown -->
  <testcase classname="testng.Verifyloginpage" name="logout" time="0.0">
    <ignored/>
  </testcase> <!-- logout -->
</testsuite> <!-- Test -->
